[2025-09-04T00:09:41.6762885] STORE by DR-HEALTHCARE on PAT-2025-001: Patient stored successfully (SUCCESS)
[2025-09-04T00:09:41.9081902] RETRIEVE by DR-HEALTHCARE on PAT-2025-001: Retrieved successfully (SUCCESS)
[2025-09-04T00:09:41.9321273] STORE by DR-HEALTHCARE on PAT-2025-001: Patient stored successfully (SUCCESS)
[2025-09-04T00:09:42.1108412] RETRIEVE by DR-HEALTHCARE on PAT-2025-001: Retrieved successfully (SUCCESS)
[2025-09-04T00:09:42.1273381] RETRIEVE by DR-HEALTHCARE on PAT-2025-001: Retrieved successfully (SUCCESS)
[2025-09-04T00:09:42.1405594] ATTACK by RANSOMWARE on PAT-2025-001: Corrupted 2 data shards and 2 key shares (FAILED)
[2025-09-04T00:09:42.1617165] RETRIEVE by DR-HEALTHCARE on PAT-2025-001: Retrieved successfully (SUCCESS)
[2025-09-04T00:09:54.7300428] STORE by DR-HEALTHCARE on PAT-2025-001: Patient stored successfully (SUCCESS)
[2025-09-04T00:09:54.9623955] RETRIEVE by DR-HEALTHCARE on PAT-2025-001: Retrieved successfully (SUCCESS)
[2025-09-04T00:09:54.9923632] STORE by DR-HEALTHCARE on PAT-2025-001: Patient stored successfully (SUCCESS)
[2025-09-04T00:09:55.191308] RETRIEVE by DR-HEALTHCARE on PAT-2025-001: Retrieved successfully (SUCCESS)
[2025-09-04T00:09:55.203308] RETRIEVE by DR-HEALTHCARE on PAT-2025-001: Retrieved successfully (SUCCESS)
[2025-09-04T00:09:55.2143125] ATTACK by RANSOMWARE on PAT-2025-001: Corrupted 2 data shards and 2 key shares (FAILED)
[2025-09-04T00:09:55.234597] RETRIEVE by DR-HEALTHCARE on PAT-2025-001: Failed: Cannot read the array length because the return value of "java.util.List.get(int)" is null (FAILED)
[2025-09-04T00:10:00.1565355] STORE by DR-HEALTHCARE on PAT-2025-001: Patient stored successfully (SUCCESS)
[2025-09-04T00:10:00.3968035] RETRIEVE by DR-HEALTHCARE on PAT-2025-001: Retrieved successfully (SUCCESS)
[2025-09-04T00:10:00.4504229] STORE by DR-HEALTHCARE on PAT-2025-001: Patient stored successfully (SUCCESS)
[2025-09-04T00:10:00.6830759] RETRIEVE by DR-HEALTHCARE on PAT-2025-001: Retrieved successfully (SUCCESS)
[2025-09-04T00:10:00.6960353] RETRIEVE by DR-HEALTHCARE on PAT-2025-001: Retrieved successfully (SUCCESS)
[2025-09-04T00:10:00.7157334] ATTACK by RANSOMWARE on PAT-2025-001: Corrupted 2 data shards and 2 key shares (FAILED)
[2025-09-04T00:10:00.738202] RETRIEVE by DR-HEALTHCARE on PAT-2025-001: Retrieved successfully (SUCCESS)
[2025-09-04T00:11:01.9047311] STORE by DR-HEALTHCARE on PAT-2025-001: Patient stored successfully (SUCCESS)
[2025-09-04T00:11:02.1211321] RETRIEVE by DR-HEALTHCARE on PAT-2025-001: Retrieved successfully (SUCCESS)
[2025-09-04T00:11:02.1613017] STORE by DR-HEALTHCARE on PAT-2025-001: Patient stored successfully (SUCCESS)
[2025-09-04T00:11:02.3352763] RETRIEVE by DR-HEALTHCARE on PAT-2025-001: Retrieved successfully (SUCCESS)
[2025-09-04T00:11:02.356132] RETRIEVE by DR-HEALTHCARE on PAT-2025-001: Retrieved successfully (SUCCESS)
[2025-09-04T00:11:02.3675268] ATTACK by RANSOMWARE on PAT-2025-001: Corrupted 2 data shards and 2 key shares (FAILED)
[2025-09-04T00:11:02.4022228] RETRIEVE by DR-HEALTHCARE on PAT-2025-001: Failed: Given final block not properly padded. Such issues can arise if a bad key is used during decryption. (FAILED)
[2025-09-04T00:11:05.96795] STORE by DR-HEALTHCARE on PAT-2025-001: Patient stored successfully (SUCCESS)
[2025-09-04T00:11:06.1469063] RETRIEVE by DR-HEALTHCARE on PAT-2025-001: Retrieved successfully (SUCCESS)
[2025-09-04T00:11:06.18598] STORE by DR-HEALTHCARE on PAT-2025-001: Patient stored successfully (SUCCESS)
[2025-09-04T00:11:06.3918896] RETRIEVE by DR-HEALTHCARE on PAT-2025-001: Retrieved successfully (SUCCESS)
[2025-09-04T00:11:06.4128186] RETRIEVE by DR-HEALTHCARE on PAT-2025-001: Retrieved successfully (SUCCESS)
[2025-09-04T00:11:06.4227801] ATTACK by RANSOMWARE on PAT-2025-001: Corrupted 2 data shards and 2 key shares (FAILED)
[2025-09-04T00:11:06.4366806] RETRIEVE by DR-HEALTHCARE on PAT-2025-001: Retrieved successfully (SUCCESS)
[2025-09-04T00:11:39.215221] STORE by DR-HEALTHCARE on PAT-2025-001: Patient stored successfully (SUCCESS)
[2025-09-04T00:11:39.3862196] RETRIEVE by DR-HEALTHCARE on PAT-2025-001: Retrieved successfully (SUCCESS)
[2025-09-04T00:11:39.4462174] STORE by DR-HEALTHCARE on PAT-2025-001: Patient stored successfully (SUCCESS)
[2025-09-04T00:11:39.6572609] RETRIEVE by DR-HEALTHCARE on PAT-2025-001: Retrieved successfully (SUCCESS)
[2025-09-04T00:11:39.6758013] RETRIEVE by DR-HEALTHCARE on PAT-2025-001: Retrieved successfully (SUCCESS)
[2025-09-04T00:11:39.7038077] ATTACK by RANSOMWARE on PAT-2025-001: Corrupted 2 data shards and 2 key shares (FAILED)
[2025-09-04T00:11:39.7248726] RETRIEVE by DR-HEALTHCARE on PAT-2025-001: Retrieved successfully (SUCCESS)
[2025-09-04T00:12:07.6730877] STORE by DR-HEALTHCARE on PAT-2025-001: Patient stored successfully (SUCCESS)
[2025-09-04T00:12:07.8936627] RETRIEVE by DR-HEALTHCARE on PAT-2025-001: Retrieved successfully (SUCCESS)
[2025-09-04T00:12:07.9315223] STORE by DR-HEALTHCARE on PAT-2025-001: Patient stored successfully (SUCCESS)
[2025-09-04T00:12:08.1484258] RETRIEVE by DR-HEALTHCARE on PAT-2025-001: Retrieved successfully (SUCCESS)
[2025-09-04T00:12:08.1723973] RETRIEVE by DR-HEALTHCARE on PAT-2025-001: Retrieved successfully (SUCCESS)
[2025-09-04T00:12:08.2048033] ATTACK by RANSOMWARE on PAT-2025-001: Corrupted 2 data shards and 2 key shares (FAILED)
[2025-09-04T00:12:08.2283646] RETRIEVE by DR-HEALTHCARE on PAT-2025-001: Retrieved successfully (SUCCESS)
