[2025-08-29T00:38:56.5441986] STORE by DR-JOHNSON on PAT-2025-001: Patient data stored with RaSe protection (SUCCESS)
[2025-08-29T00:38:56.8001111] RETRIEVE by DR-JOHNSON on PAT-2025-001: Patient data retrieved successfully (SUCCESS)
[2025-08-29T00:38:56.820046] ATTACK by RANSOMWARE on PAT-2025-001: Corrupted 2 data shards and 2 key shares (FAILED)
[2025-08-29T00:38:56.8338655] RETRIEVE by DR-JOHNSON on PAT-2025-001: Failed: Invalid original length: -532280499 (max possible: 6064) (FAILED)
[2025-08-29T00:39:42.5037552] STORE by PROFESSOR on PAT-2025-001: Patient stored successfully (SUCCESS)
[2025-08-29T00:39:42.5632414] STORE by PROFESSOR on PAT-2025-001: Patient stored successfully (SUCCESS)
[2025-08-29T00:39:42.8282844] RETRIEVE by PROFESSOR on PAT-2025-001: Retrieved successfully (SUCCESS)
[2025-08-29T00:39:42.8495184] ATTACK by RANSOMWARE on PAT-2025-001: Corrupted 2 data shards and 2 key shares (FAILED)
[2025-08-29T00:39:42.8620346] RETRIEVE by PROFESSOR on PAT-2025-001: Failed: Given final block not properly padded. Such issues can arise if a bad key is used during decryption. (FAILED)
[2025-08-29T00:40:22.693621] STORE by DR-SMITH on PAT-2025-001: Patient stored successfully (SUCCESS)
[2025-08-29T00:40:22.9001258] RETRIEVE by DR-SMITH on PAT-2025-001: Retrieved successfully (SUCCESS)
[2025-08-29T00:40:22.9193713] ATTACK by RANSOMWARE on PAT-2025-001: Corrupted 2 data shards and 2 key shares (FAILED)
[2025-08-29T00:40:22.9329154] RETRIEVE by DR-SMITH on PAT-2025-001: Retrieved successfully (SUCCESS)
[2025-08-29T01:02:52.3155822] STORE by DR-HEALTHCARE on PAT-2025-001: Patient stored successfully (SUCCESS)
[2025-08-29T01:02:52.5185619] RETRIEVE by DR-HEALTHCARE on PAT-2025-001: Retrieved successfully (SUCCESS)
[2025-08-29T01:02:52.5592626] STORE by DR-HEALTHCARE on PAT-2025-001: Patient stored successfully (SUCCESS)
[2025-08-29T01:02:52.7247145] RETRIEVE by DR-HEALTHCARE on PAT-2025-001: Retrieved successfully (SUCCESS)
[2025-08-29T01:02:52.7357435] RETRIEVE by DR-HEALTHCARE on PAT-2025-001: Retrieved successfully (SUCCESS)
[2025-08-29T01:02:52.7542864] ATTACK by RANSOMWARE on PAT-2025-001: Corrupted 2 data shards and 2 key shares (FAILED)
[2025-08-29T01:02:52.7693651] RETRIEVE by DR-HEALTHCARE on PAT-2025-001: Failed: Given final block not properly padded. Such issues can arise if a bad key is used during decryption. (FAILED)
[2025-08-29T01:03:29.2948308] STORE by DR-HEALTHCARE on PAT-2025-001: Patient stored successfully (SUCCESS)
[2025-08-29T01:03:29.4928022] RETRIEVE by DR-HEALTHCARE on PAT-2025-001: Retrieved successfully (SUCCESS)
[2025-08-29T01:03:29.5246236] STORE by DR-HEALTHCARE on PAT-2025-001: Patient stored successfully (SUCCESS)
[2025-08-29T01:03:29.7191457] RETRIEVE by DR-HEALTHCARE on PAT-2025-001: Retrieved successfully (SUCCESS)
[2025-08-29T01:03:29.7349503] RETRIEVE by DR-HEALTHCARE on PAT-2025-001: Retrieved successfully (SUCCESS)
[2025-08-29T01:03:29.7503109] ATTACK by RANSOMWARE on PAT-2025-001: Corrupted 2 data shards and 2 key shares (FAILED)
[2025-08-29T01:03:29.7613067] RETRIEVE by DR-HEALTHCARE on PAT-2025-001: Failed: Given final block not properly padded. Such issues can arise if a bad key is used during decryption. (FAILED)
[2025-08-29T01:55:32.8230687] STORE by DR-HEALTHCARE on PAT-2025-001: Patient stored successfully (SUCCESS)
[2025-08-29T01:55:32.996607] RETRIEVE by DR-HEALTHCARE on PAT-2025-001: Retrieved successfully (SUCCESS)
[2025-08-29T01:55:33.0287402] STORE by DR-HEALTHCARE on PAT-2025-001: Patient stored successfully (SUCCESS)
[2025-08-29T01:55:33.2003719] RETRIEVE by DR-HEALTHCARE on PAT-2025-001: Retrieved successfully (SUCCESS)
[2025-08-29T01:55:33.2175654] RETRIEVE by DR-HEALTHCARE on PAT-2025-001: Retrieved successfully (SUCCESS)
[2025-08-29T01:55:33.2298175] ATTACK by RANSOMWARE on PAT-2025-001: Corrupted 2 data shards and 2 key shares (FAILED)
[2025-08-29T01:55:33.2441855] RETRIEVE by DR-HEALTHCARE on PAT-2025-001: Failed: Unterminated string at 2061 [character 145 line 72] (FAILED)
[2025-08-29T13:35:41.8498894] STORE by DR-HEALTHCARE on PAT-2025-001: Patient stored successfully (SUCCESS)
[2025-08-29T13:35:42.0115887] RETRIEVE by DR-HEALTHCARE on PAT-2025-001: Retrieved successfully (SUCCESS)
[2025-08-29T13:35:42.0441969] STORE by DR-HEALTHCARE on PAT-2025-001: Patient stored successfully (SUCCESS)
[2025-08-29T13:35:42.1667674] RETRIEVE by DR-HEALTHCARE on PAT-2025-001: Retrieved successfully (SUCCESS)
[2025-08-29T13:35:42.1762751] RETRIEVE by DR-HEALTHCARE on PAT-2025-001: Retrieved successfully (SUCCESS)
[2025-08-29T13:35:42.1930013] ATTACK by RANSOMWARE on PAT-2025-001: Corrupted 2 data shards and 2 key shares (FAILED)
[2025-08-29T13:35:42.2046294] RETRIEVE by DR-HEALTHCARE on PAT-2025-001: Failed: Given final block not properly padded. Such issues can arise if a bad key is used during decryption. (FAILED)
[2025-08-29T15:20:44.909269] STORE by DR-HEALTHCARE on PAT-2025-001: Patient stored successfully (SUCCESS)
[2025-08-29T15:20:45.0780294] RETRIEVE by DR-HEALTHCARE on PAT-2025-001: Retrieved successfully (SUCCESS)
[2025-08-29T15:20:45.100306] STORE by DR-HEALTHCARE on PAT-2025-001: Patient stored successfully (SUCCESS)
[2025-08-29T15:20:45.2414425] RETRIEVE by DR-HEALTHCARE on PAT-2025-001: Retrieved successfully (SUCCESS)
[2025-08-29T15:20:45.2603154] RETRIEVE by DR-HEALTHCARE on PAT-2025-001: Retrieved successfully (SUCCESS)
[2025-08-29T15:20:45.2754911] ATTACK by RANSOMWARE on PAT-2025-001: Corrupted 2 data shards and 2 key shares (FAILED)
[2025-08-29T15:20:45.2854462] RETRIEVE by DR-HEALTHCARE on PAT-2025-001: Retrieved successfully (SUCCESS)
[2025-08-29T15:32:28.8295488] STORE by DR-HEALTHCARE on PAT-2025-001: Patient stored successfully (SUCCESS)
[2025-08-29T15:32:28.9817278] RETRIEVE by DR-HEALTHCARE on PAT-2025-001: Retrieved successfully (SUCCESS)
[2025-08-29T15:32:29.0158381] STORE by DR-HEALTHCARE on PAT-2025-001: Patient stored successfully (SUCCESS)
[2025-08-29T15:32:29.1709377] RETRIEVE by DR-HEALTHCARE on PAT-2025-001: Retrieved successfully (SUCCESS)
[2025-08-29T15:32:29.1803022] RETRIEVE by DR-HEALTHCARE on PAT-2025-001: Retrieved successfully (SUCCESS)
[2025-08-29T15:32:29.1893346] ATTACK by RANSOMWARE on PAT-2025-001: Corrupted 2 data shards and 2 key shares (FAILED)
[2025-08-29T15:32:29.1988017] RETRIEVE by DR-HEALTHCARE on PAT-2025-001: Failed: Given final block not properly padded. Such issues can arise if a bad key is used during decryption. (FAILED)
[2025-08-29T15:33:16.5869897] STORE by DR-HEALTHCARE on PAT-2025-001: Patient stored successfully (SUCCESS)
[2025-08-29T15:33:16.762952] RETRIEVE by DR-HEALTHCARE on PAT-2025-001: Retrieved successfully (SUCCESS)
[2025-08-29T15:33:16.7852426] STORE by DR-HEALTHCARE on PAT-2025-001: Patient stored successfully (SUCCESS)
[2025-08-29T15:33:16.9369583] RETRIEVE by DR-HEALTHCARE on PAT-2025-001: Retrieved successfully (SUCCESS)
[2025-08-29T15:33:16.9540631] RETRIEVE by DR-HEALTHCARE on PAT-2025-001: Retrieved successfully (SUCCESS)
[2025-08-29T15:33:16.9663906] ATTACK by RANSOMWARE on PAT-2025-001: Corrupted 2 data shards and 2 key shares (FAILED)
[2025-08-29T15:33:16.9769207] RETRIEVE by DR-HEALTHCARE on PAT-2025-001: Failed: Invalid data length: 951365108 (FAILED)
[2025-08-29T15:52:24.5542807] STORE by DR-HEALTHCARE on PAT-2025-001: Patient stored successfully (SUCCESS)
[2025-08-29T15:52:24.6868721] RETRIEVE by DR-HEALTHCARE on PAT-2025-001: Retrieved successfully (SUCCESS)
[2025-08-29T15:52:24.7294329] STORE by DR-HEALTHCARE on PAT-2025-001: Patient stored successfully (SUCCESS)
[2025-08-29T15:52:24.9506485] RETRIEVE by DR-HEALTHCARE on PAT-2025-001: Retrieved successfully (SUCCESS)
[2025-08-29T15:52:24.9690171] RETRIEVE by DR-HEALTHCARE on PAT-2025-001: Retrieved successfully (SUCCESS)
[2025-08-29T15:52:24.9946698] ATTACK by RANSOMWARE on PAT-2025-001: Corrupted 2 data shards and 2 key shares (FAILED)
[2025-08-29T15:52:25.010002] RETRIEVE by DR-HEALTHCARE on PAT-2025-001: Failed: Invalid data length: 132056838 (FAILED)
