[2025-09-03T23:18:03.7101457] STORE by DR-HEALTHCARE on PAT-2025-001: Patient stored successfully (SUCCESS)
[2025-09-03T23:18:03.9093287] RETRIEVE by DR-HEALTHCARE on PAT-2025-001: Retrieved successfully (SUCCESS)
[2025-09-03T23:18:03.9473247] STORE by DR-HEALTHCARE on PAT-2025-001: Patient stored successfully (SUCCESS)
[2025-09-03T23:18:04.1535625] RETRIEVE by DR-HEALTHCARE on PAT-2025-001: Retrieved successfully (SUCCESS)
[2025-09-03T23:18:04.1739808] RETRIEVE by DR-HEALTHCARE on PAT-2025-001: Retrieved successfully (SUCCESS)
[2025-09-03T23:18:04.1914795] ATTACK by RANSOMWARE on PAT-2025-001: Corrupted 2 data shards and 2 key shares (FAILED)
[2025-09-03T23:18:04.2084775] RETRIEVE by DR-HEALTHCARE on PAT-2025-001: Failed: Invalid data length: 524174823 (FAILED)
[2025-09-03T23:28:00.0603414] STORE by DR-HEALTHCARE on PAT-2025-001: Patient stored successfully (SUCCESS)
[2025-09-03T23:28:00.2950225] RETRIEVE by DR-HEALTHCARE on PAT-2025-001: Retrieved successfully (SUCCESS)
[2025-09-03T23:28:00.3609892] STORE by DR-HEALTHCARE on PAT-2025-001: Patient stored successfully (SUCCESS)
[2025-09-03T23:28:00.5952764] RETRIEVE by DR-HEALTHCARE on PAT-2025-001: Retrieved successfully (SUCCESS)
[2025-09-03T23:28:00.6185169] RETRIEVE by DR-HEALTHCARE on PAT-2025-001: Retrieved successfully (SUCCESS)
[2025-09-03T23:28:00.6495919] ATTACK by RANSOMWARE on PAT-2025-001: Corrupted 2 data shards and 2 key shares (FAILED)
[2025-09-03T23:28:00.6740547] RETRIEVE by DR-HEALTHCARE on PAT-2025-001: Failed: Invalid data length: 729848833 (FAILED)
[2025-09-03T23:31:17.665926] STORE by DR-HEALTHCARE on PAT-2025-001: Patient stored successfully (SUCCESS)
[2025-09-03T23:31:17.8652458] RETRIEVE by DR-HEALTHCARE on PAT-2025-001: Retrieved successfully (SUCCESS)
[2025-09-03T23:31:17.8942605] STORE by DR-HEALTHCARE on PAT-2025-001: Patient stored successfully (SUCCESS)
[2025-09-03T23:31:18.0946868] RETRIEVE by DR-HEALTHCARE on PAT-2025-001: Retrieved successfully (SUCCESS)
[2025-09-03T23:31:18.1100148] RETRIEVE by DR-HEALTHCARE on PAT-2025-001: Retrieved successfully (SUCCESS)
[2025-09-03T23:31:18.1284254] ATTACK by RANSOMWARE on PAT-2025-001: Corrupted 2 data shards and 2 key shares (FAILED)
[2025-09-03T23:31:18.1444239] RETRIEVE by DR-HEALTHCARE on PAT-2025-001: Failed: Unterminated string at 2055 [character 0 line 73] (FAILED)
